<?xml version="1.0" encoding="UTF-8"?>
<testng-results ignored="0" total="1" passed="1" failed="0" skipped="0">
  <reporter-output>
  </reporter-output>
  <suite started-at="2024-02-16T23:07:42 IST" name="Default suite" finished-at="2024-02-16T23:07:50 IST" duration-ms="7407">
    <groups>
    </groups>
    <test started-at="2024-02-16T23:07:42 IST" name="Default test" finished-at="2024-02-16T23:07:50 IST" duration-ms="7407">
      <class name="Testcases.LoginTestcases">
        <test-method signature="login()[pri:0, instance:Testcases.LoginTestcases@41a0aa7d]" started-at="2024-02-16T23:07:42 IST" name="login" finished-at="2024-02-16T23:07:50 IST" duration-ms="7363" status="PASS">
          <reporter-output>
          </reporter-output>
        </test-method> <!-- login -->
      </class> <!-- Testcases.LoginTestcases -->
    </test> <!-- Default test -->
  </suite> <!-- Default suite -->
</testng-results>
